<!DOCTYPE html>
<html>
<head>
    <title>Unittest Results</title>
    <meta charset="utf-8">
    <meta name="viewport" content="width=device-width, initial-scale=1.0">
    <link rel="stylesheet" href="https://maxcdn.bootstrapcdn.com/bootstrap/3.3.6/css/bootstrap.min.css" integrity="sha384-1q8mTJOASx8j1Au+a5WDVnPi2lkFfwwEAa8hDDdjZlpLegxhjVME1fgjWPGmkzs7" crossorigin="anonymous">
</head>
<body>
    <div class="container">
        <div class="row">
            <div class="col-xs-12">
                <h2 class="text-capitalize">Unittest Results</h2>
                <p class='attribute'><strong>Start Time: </strong>2024-09-03 19:08:40</p>
                <p class='attribute'><strong>Duration: </strong>15.88 s</p>
                <p class='attribute'><strong>Summary: </strong>Total: 3, Pass: 1, Error: 1, Skip: 1</p>
            </div>
        </div>
        <div class="row">
            <div class="col-xs-12 col-sm-10 col-md-10">
                <table class='table table-hover table-responsive'>
                    <thead>
                        <tr>
                            <th>__main__.MyTestCase</th>
                            <th>Status</th>
                            <th></th>
                        </tr>
                    </thead>
                    <tbody>
                        <tr class='warning'>
                            <td class="col-xs-10">test_googlesearchinvalid</td>
                            <td class="col-xs-1">
                                <span class="label label-warning" style="display:block;width:40px;">Error</span>
                            </td>
                            <td class="col-xs-1">
                                <button class="btn btn-default btn-xs">View</button>
                            </td>
                        </tr>
                        <tr style="display:none;">
                            <td class="col-xs-9" colspan="3"><p style="color:maroon;">NoSuchElementException: Message: no such element: Unable to locate element: {"method":"css selector","selector":"[name="btnK1"]"}
  (Session info: chrome=127.0.6533.122); For documentation on this error, please visit: https://www.selenium.dev/documentation/webdriver/troubleshooting/errors#no-such-element-exception
Stacktrace:
	GetHandleVerifier [0x00007FF6E8209642+30946]
	(No symbol) [0x00007FF6E81BE3D9]
	(No symbol) [0x00007FF6E80B6FDA]
	(No symbol) [0x00007FF6E810822C]
	(No symbol) [0x00007FF6E810850C]
	(No symbol) [0x00007FF6E814DCB7]
	(No symbol) [0x00007FF6E812CAAF]
	(No symbol) [0x00007FF6E814B041]
	(No symbol) [0x00007FF6E812C813]
	(No symbol) [0x00007FF6E80FA6E5]
	(No symbol) [0x00007FF6E80FB021]
	GetHandleVerifier [0x00007FF6E833F84D+1301229]
	GetHandleVerifier [0x00007FF6E834BDC7+1351783]
	GetHandleVerifier [0x00007FF6E8342A13+1313971]
	GetHandleVerifier [0x00007FF6E823DD16+245686]
	(No symbol) [0x00007FF6E81C759F]
	(No symbol) [0x00007FF6E81C3814]
	(No symbol) [0x00007FF6E81C39A2]
	(No symbol) [0x00007FF6E81BA3FF]
	BaseThreadInitThunk [0x00007FFF075953E0+16]
	RtlUserThreadStart [0x00007FFF0802485B+43]
</p><p style="color:maroon;">Traceback (most recent call last):
  File "C:\Users\Sivakumar.Arepaka\Videos\Python\Selenium\Demo\UnitTestDemo.py", line 37, in test_googlesearchinvalid
    searchBtn = self.driver.find_element(By.NAME, 'btnK1')
                ^^^^^^^^^^^^^^^^^^^^^^^^^^^^^^^^^^^^^^^^^^
  File "C:\Users\Sivakumar.Arepaka\AppData\Roaming\Python\Python312\site-packages\selenium\webdriver\remote\webdriver.py", line 748, in find_element
    return self.execute(Command.FIND_ELEMENT, {"using": by, "value": value})["value"]
           ^^^^^^^^^^^^^^^^^^^^^^^^^^^^^^^^^^^^^^^^^^^^^^^^^^^^^^^^^^^^^^^^^
  File "C:\Users\Sivakumar.Arepaka\AppData\Roaming\Python\Python312\site-packages\selenium\webdriver\remote\webdriver.py", line 354, in execute
    self.error_handler.check_response(response)
  File "C:\Users\Sivakumar.Arepaka\AppData\Roaming\Python\Python312\site-packages\selenium\webdriver\remote\errorhandler.py", line 229, in check_response
    raise exception_class(message, screen, stacktrace)
selenium.common.exceptions.NoSuchElementException: Message: no such element: Unable to locate element: {"method":"css selector","selector":"[name="btnK1"]"}
  (Session info: chrome=127.0.6533.122); For documentation on this error, please visit: https://www.selenium.dev/documentation/webdriver/troubleshooting/errors#no-such-element-exception
Stacktrace:
	GetHandleVerifier [0x00007FF6E8209642+30946]
	(No symbol) [0x00007FF6E81BE3D9]
	(No symbol) [0x00007FF6E80B6FDA]
	(No symbol) [0x00007FF6E810822C]
	(No symbol) [0x00007FF6E810850C]
	(No symbol) [0x00007FF6E814DCB7]
	(No symbol) [0x00007FF6E812CAAF]
	(No symbol) [0x00007FF6E814B041]
	(No symbol) [0x00007FF6E812C813]
	(No symbol) [0x00007FF6E80FA6E5]
	(No symbol) [0x00007FF6E80FB021]
	GetHandleVerifier [0x00007FF6E833F84D+1301229]
	GetHandleVerifier [0x00007FF6E834BDC7+1351783]
	GetHandleVerifier [0x00007FF6E8342A13+1313971]
	GetHandleVerifier [0x00007FF6E823DD16+245686]
	(No symbol) [0x00007FF6E81C759F]
	(No symbol) [0x00007FF6E81C3814]
	(No symbol) [0x00007FF6E81C39A2]
	(No symbol) [0x00007FF6E81BA3FF]
	BaseThreadInitThunk [0x00007FFF075953E0+16]
	RtlUserThreadStart [0x00007FFF0802485B+43]

</p>
                            </td>
                        </tr>
                        <tr class='success'>
                            <td class="col-xs-10">test_googlesearchvalid</td>
                            <td class="col-xs-1">
                                <span class="label label-success" style="display:block;width:40px;">Pass</span>
                            </td>
                            <td class="col-xs-1">
                                <button class="btn btn-default btn-xs">View</button>
                            </td>
                        </tr>
                        <tr style="display:none;">
                            <td class="col-xs-9" colspan="3"><p>Search button is clickable
Automation step by step - Google Search
</p>
                            </td>
                        </tr>
                        <tr class='info'>
                            <td class="col-xs-10">test_skip</td>
                            <td class="col-xs-1">
                                <span class="label label-info" style="display:block;width:40px;">Skip</span>
                            </td>
                            <td class="col-xs-1">
                                <button class="btn btn-default btn-xs">View</button>
                            </td>
                        </tr>
                        <tr style="display:none;">
                            <td class="col-xs-9" colspan="3"><p style="color:maroon;">This is a skipped test.</p>
                            </td>
                        </tr>
                        <tr>
                            <td colspan="3">
                                Total: 3, Pass: 1, Error: 1, Skip: 1 -- Duration: 15.88 s
                            </td>
                        </tr>
                    </tbody>
                </table>
            </div>
        </div>
    </div>
    <script src="https://ajax.googleapis.com/ajax/libs/jquery/2.2.4/jquery.min.js"></script>
    <script type="text/javascript">
        $(document).ready(function(){
            $('td').on('click', '.btn', function(e){
                e.preventDefault();
                e.stopImmediatePropagation();
                var $this = $(this);
                var $nextRow = $this.closest('tr').next('tr');
                $nextRow.slideToggle("fast");
                $this.text(function(i, text){
                    if (text === 'View') {
                        return 'Hide';
                    } else {
                        return 'View';
                    };
                });
            });
        });
    </script>
</body>
</html